2025-08-06 10:19:07,757 - utils - INFO - Вызов функции get_transactions_list
2025-08-06 10:19:07,760 - utils - INFO - Вызов функции get_transactions_list
2025-04-01 14:00:00,000 - utils - INFO - Вызов функции get_greeting_massage
2025-04-01 14:00:00,000 - utils - INFO - Функция возвращает результат
2025-08-06 10:19:07,893 - utils - INFO - Вызов функции get_user_settings
2025-08-06 10:19:07,893 - utils - INFO - Функция get_user_settings возвращает данные из файла
2025-08-06 10:19:07,894 - utils - INFO - Вызов функции get_user_settings
2025-08-06 10:19:07,894 - utils - ERROR - Файл по заданному пути отсутствует 
2025-08-06 10:19:07,897 - utils - INFO - Вызов функции get_transactions_list_for_period
2025-08-06 10:19:07,899 - utils - INFO - Функция возвращает данные из файла
2025-08-06 10:19:07,902 - utils - INFO - Вызов функции get_transactions_list_for_period
2025-08-06 10:19:07,902 - utils - WARNING - Данные в файле не соответствуют ожидаемому формату
2025-08-06 10:19:07,905 - utils - INFO - Вызов функции get_cards_spends_list
2025-08-06 10:19:07,907 - utils - INFO - Функция возвращает отсортированные данные из файла
2025-08-06 10:19:07,907 - utils - INFO - Вызов функции get_cards_spends_list
2025-08-06 10:19:07,907 - utils - WARNING - Данные в файле отсутствуют
2025-08-06 10:19:07,910 - utils - INFO - Вызов функции get_top_transaction_list
2025-08-06 10:19:07,910 - utils - INFO - Функция возвращает отсортированные данные из файла
2025-08-06 10:19:07,911 - utils - INFO - Вызов функции get_currency_rates
2025-08-06 10:19:07,911 - utils - INFO - Функция возвращает данные из сайта
2025-08-06 10:19:07,912 - utils - INFO - Вызов функции get_currency_rates
2025-08-06 10:19:07,912 - utils - ERROR - Сайт не отвечает. Ответ 404
2025-08-06 10:19:07,912 - utils - INFO - Функция возвращает данные из сайта
2025-08-06 10:19:07,914 - utils - INFO - Вызов функции get_stock_prices
2025-08-06 10:19:07,914 - utils - INFO - Функция возвращает данные
